\BOOKMARK [0][-]{chapter.1}{\376\377\000I\000n\000t\000r\000o\000d\000u\000c\000t\000i\000o\000n}{}% 1
\BOOKMARK [1][-]{section.1.1}{\376\377\000R\000a\000t\000i\000o\000n\000a\000l\000e}{chapter.1}% 2
\BOOKMARK [1][-]{section.1.2}{\376\377\000O\000b\000j\000e\000c\000t\000i\000v\000e\000s}{chapter.1}% 3
\BOOKMARK [0][-]{chapter.2}{\376\377\000M\000a\000t\000e\000r\000i\000a\000l\000s\000\040\000a\000n\000d\000\040\000M\000e\000t\000h\000o\000d\000s}{}% 4
\BOOKMARK [1][-]{section.2.1}{\376\377\000M\000a\000t\000e\000r\000i\000a\000l\000s}{chapter.2}% 5
\BOOKMARK [2][-]{subsection.2.1.1}{\376\377\000S\000i\000m\000u\000l\000a\000t\000i\000o\000n\000\040\000E\000n\000v\000i\000o\000r\000n\000m\000e\000n\000t}{section.2.1}% 6
\BOOKMARK [2][-]{subsection.2.1.2}{\376\377\000D\000e\000v\000e\000l\000o\000p\000m\000e\000n\000t\000\040\000E\000n\000v\000i\000r\000o\000n\000m\000e\000n\000t}{section.2.1}% 7
\BOOKMARK [1][-]{section.2.2}{\376\377\000M\000e\000t\000h\000o\000d\000s}{chapter.2}% 8
\BOOKMARK [2][-]{subsection.2.2.1}{\376\377\000M\000o\000d\000e\000l\000l\000i\000n\000g}{section.2.2}% 9
\BOOKMARK [2][-]{subsection.2.2.2}{\376\377\000F\000o\000r\000w\000a\000r\000d\000\040\000a\000n\000d\000\040\000I\000n\000v\000e\000r\000s\000e\000\040\000K\000i\000n\000e\000m\000a\000t\000i\000c\000s}{section.2.2}% 10
\BOOKMARK [2][-]{subsection.2.2.3}{\376\377\000C\000o\000d\000i\000n\000g}{section.2.2}% 11
\BOOKMARK [0][-]{chapter.3}{\376\377\000R\000e\000s\000u\000l\000t\000s\000\040\000a\000n\000d\000\040\000A\000n\000a\000l\000y\000s\000i\000s}{}% 12
\BOOKMARK [1][-]{section.3.1}{\376\377\000S\000q\000u\000a\000t\000t\000i\000n\000g}{chapter.3}% 13
\BOOKMARK [1][-]{section.3.2}{\376\377\000P\000i\000t\000c\000h\000i\000n\000g}{chapter.3}% 14
\BOOKMARK [1][-]{section.3.3}{\376\377\000Y\000a\000w\000i\000n\000g}{chapter.3}% 15
\BOOKMARK [1][-]{section.3.4}{\376\377\000R\000o\000l\000l\000i\000n\000g}{chapter.3}% 16
\BOOKMARK [0][-]{chapter.4}{\376\377\000D\000i\000s\000c\000u\000s\000s\000i\000o\000n\000\040\000a\000n\000d\000\040\000C\000o\000n\000c\000l\000u\000s\000i\000o\000n\000s}{}% 17
\BOOKMARK [1][-]{section.4.1}{\376\377\000L\000i\000m\000i\000t\000a\000t\000i\000o\000n\000s\000\040\000a\000n\000d\000\040\000I\000m\000p\000r\000o\000v\000e\000m\000e\000n\000t}{chapter.4}% 18
\BOOKMARK [2][-]{subsection.4.1.1}{\376\377\000R\000a\000n\000g\000e\000s\000\040\000o\000f\000\040\000D\000e\000b\000u\000g\000\040\000P\000a\000r\000a\000m\000e\000t\000e\000r\000s}{section.4.1}% 19
\BOOKMARK [2][-]{subsection.4.1.2}{\376\377\000N\000o\000n\000-\000z\000e\000r\000o\000\040\000s\000t\000e\000a\000d\000y\000-\000s\000t\000a\000t\000e\000\040\000e\000r\000r\000o\000r}{section.4.1}% 20
\BOOKMARK [2][-]{subsection.4.1.3}{\376\377\000F\000r\000i\000c\000t\000i\000o\000n\000\040\000b\000e\000t\000w\000e\000e\000n\000\040\000t\000h\000e\000\040\000p\000l\000a\000n\000e\000\040\000a\000n\000d\000\040\000r\000o\000b\000o\000t}{section.4.1}% 21
\BOOKMARK [1][-]{section.4.2}{\376\377\000F\000u\000t\000u\000r\000e\000\040\000w\000o\000r\000k}{chapter.4}% 22
\BOOKMARK [1][-]{section.4.3}{\376\377\000I\000n\000t\000e\000l\000l\000e\000c\000t\000u\000a\000l\000\040\000p\000r\000o\000p\000e\000r\000t\000y}{chapter.4}% 23
\BOOKMARK [1][-]{section.4.4}{\376\377\000C\000o\000m\000p\000l\000e\000t\000i\000o\000n\000\040\000d\000e\000g\000r\000e\000e\000\040\000o\000f\000\040\000o\000b\000j\000e\000c\000t\000i\000v\000e\000s}{chapter.4}% 24
\BOOKMARK [1][-]{section.4.5}{\376\377\000C\000o\000n\000c\000l\000u\000s\000i\000o\000n}{chapter.4}% 25
\BOOKMARK [0][-]{section.4.5}{\376\377\000R\000e\000f\000e\000r\000e\000n\000c\000e\000s}{}% 26
