This is pdfTeX, Version 3.141592653-2.6-1.40.24 (MiKTeX 21.12 Portable) (preloaded format=pdflatex 2022.2.3)  18 MAR 2022 19:31
entering extended mode
 restricted \write18 enabled.
 %&-line parsing enabled.
**./report.tex
(report.tex
LaTeX2e <2021-11-15> patch level 1
L3 programming layer <2021-11-22>
(C:\Users\KayYa\scoop\apps\latex\current\texmfs\install\tex/latex/base\report.c
ls
Document Class: report 2021/10/04 v1.4n Standard LaTeX document class

(C:\Users\KayYa\scoop\apps\latex\current\texmfs\install\tex/latex/base\size12.c
lo
File: size12.clo 2021/10/04 v1.4n Standard LaTeX file (size option)
)
\c@part=\count183
\c@chapter=\count184
\c@section=\count185
\c@subsection=\count186
\c@subsubsection=\count187
\c@paragraph=\count188
\c@subparagraph=\count189
\c@figure=\count190
\c@table=\count191
\abovecaptionskip=\skip47
\belowcaptionskip=\skip48
\bibindent=\dimen138
) (preamble/packages.tex
(C:\Users\KayYa\scoop\apps\latex\current\texmfs\install\tex/latex/geometry\geom
etry.sty
Package: geometry 2020/01/02 v5.9 Page Geometry

(C:\Users\KayYa\scoop\apps\latex\current\texmfs\install\tex/latex/graphics\keyv
al.sty
Package: keyval 2014/10/28 v1.15 key=value parser (DPC)
\KV@toks@=\toks16
)
(C:\Users\KayYa\scoop\apps\latex\current\texmfs\install\tex/generic/iftex\ifvte
x.sty
Package: ifvtex 2019/10/25 v1.7 ifvtex legacy package. Use iftex instead.

(C:\Users\KayYa\scoop\apps\latex\current\texmfs\install\tex/generic/iftex\iftex
.sty
Package: iftex 2020/03/06 v1.0d TeX engine tests
))
\Gm@cnth=\count192
\Gm@cntv=\count193
\c@Gm@tempcnt=\count194
\Gm@bindingoffset=\dimen139
\Gm@wd@mp=\dimen140
\Gm@odd@mp=\dimen141
\Gm@even@mp=\dimen142
\Gm@layoutwidth=\dimen143
\Gm@layoutheight=\dimen144
\Gm@layouthoffset=\dimen145
\Gm@layoutvoffset=\dimen146
\Gm@dimlist=\toks17

(C:\Users\KayYa\scoop\apps\latex\current\texmfs\install\tex/latex/geometry\geom
etry.cfg))
(C:\Users\KayYa\scoop\apps\latex\current\texmfs\install\tex/latex/tocloft\toclo
ft.sty
Package: tocloft 2017/08/31 v2.3i parameterised ToC, etc., typesetting
Package tocloft Info: The document has chapter divisions on input line 51.
\cftparskip=\skip49
\cftbeforetoctitleskip=\skip50
\cftaftertoctitleskip=\skip51
\cftbeforepartskip=\skip52
\cftpartnumwidth=\skip53
\cftpartindent=\skip54
\cftbeforechapskip=\skip55
\cftchapindent=\skip56
\cftchapnumwidth=\skip57
\cftbeforesecskip=\skip58
\cftsecindent=\skip59
\cftsecnumwidth=\skip60
\cftbeforesubsecskip=\skip61
\cftsubsecindent=\skip62
\cftsubsecnumwidth=\skip63
\cftbeforesubsubsecskip=\skip64
\cftsubsubsecindent=\skip65
\cftsubsubsecnumwidth=\skip66
\cftbeforeparaskip=\skip67
\cftparaindent=\skip68
\cftparanumwidth=\skip69
\cftbeforesubparaskip=\skip70
\cftsubparaindent=\skip71
\cftsubparanumwidth=\skip72
\cftbeforeloftitleskip=\skip73
\cftafterloftitleskip=\skip74
\cftbeforefigskip=\skip75
\cftfigindent=\skip76
\cftfignumwidth=\skip77
\c@lofdepth=\count195
\c@lotdepth=\count196
\cftbeforelottitleskip=\skip78
\cftafterlottitleskip=\skip79
\cftbeforetabskip=\skip80
\cfttabindent=\skip81
\cfttabnumwidth=\skip82
)
(C:\Users\KayYa\scoop\apps\latex\current\texmfs\install\tex/latex/graphics\grap
hicx.sty
Package: graphicx 2021/09/16 v1.2d Enhanced LaTeX Graphics (DPC,SPQR)

(C:\Users\KayYa\scoop\apps\latex\current\texmfs\install\tex/latex/graphics\grap
hics.sty
Package: graphics 2021/03/04 v1.4d Standard LaTeX Graphics (DPC,SPQR)

(C:\Users\KayYa\scoop\apps\latex\current\texmfs\install\tex/latex/graphics\trig
.sty
Package: trig 2021/08/11 v1.11 sin cos tan (DPC)
)
(C:\Users\KayYa\scoop\apps\latex\current\texmfs\install\tex/latex/graphics-cfg\
graphics.cfg
File: graphics.cfg 2016/06/04 v1.11 sample graphics configuration
)
Package graphics Info: Driver file: pdftex.def on input line 107.

(C:\Users\KayYa\scoop\apps\latex\current\texmfs\install\tex/latex/graphics-def\
pdftex.def
File: pdftex.def 2020/10/05 v1.2a Graphics/color driver for pdftex
))
\Gin@req@height=\dimen147
\Gin@req@width=\dimen148
)
(C:\Users\KayYa\scoop\apps\latex\current\texmfs\install\tex/latex/amsmath\amsma
th.sty
Package: amsmath 2021/10/15 v2.17l AMS math features
\@mathmargin=\skip83

For additional information on amsmath, use the `?' option.

(C:\Users\KayYa\scoop\apps\latex\current\texmfs\install\tex/latex/amsmath\amste
xt.sty
Package: amstext 2021/08/26 v2.01 AMS text

(C:\Users\KayYa\scoop\apps\latex\current\texmfs\install\tex/latex/amsmath\amsge
n.sty
File: amsgen.sty 1999/11/30 v2.0 generic functions
\@emptytoks=\toks18
\ex@=\dimen149
))
(C:\Users\KayYa\scoop\apps\latex\current\texmfs\install\tex/latex/amsmath\amsbs
y.sty
Package: amsbsy 1999/11/29 v1.2d Bold Symbols
\pmbraise@=\dimen150
)
(C:\Users\KayYa\scoop\apps\latex\current\texmfs\install\tex/latex/amsmath\amsop
n.sty
Package: amsopn 2021/08/26 v2.02 operator names
)
\inf@bad=\count197
LaTeX Info: Redefining \frac on input line 234.
\uproot@=\count198
\leftroot@=\count199
LaTeX Info: Redefining \overline on input line 399.
\classnum@=\count266
\DOTSCASE@=\count267
LaTeX Info: Redefining \ldots on input line 496.
LaTeX Info: Redefining \dots on input line 499.
LaTeX Info: Redefining \cdots on input line 620.
\Mathstrutbox@=\box50
\strutbox@=\box51
\big@size=\dimen151
LaTeX Font Info:    Redeclaring font encoding OML on input line 743.
LaTeX Font Info:    Redeclaring font encoding OMS on input line 744.
\macc@depth=\count268
\c@MaxMatrixCols=\count269
\dotsspace@=\muskip16
\c@parentequation=\count270
\dspbrk@lvl=\count271
\tag@help=\toks19
\row@=\count272
\column@=\count273
\maxfields@=\count274
\andhelp@=\toks20
\eqnshift@=\dimen152
\alignsep@=\dimen153
\tagshift@=\dimen154
\tagwidth@=\dimen155
\totwidth@=\dimen156
\lineht@=\dimen157
\@envbody=\toks21
\multlinegap=\skip84
\multlinetaggap=\skip85
\mathdisplay@stack=\toks22
LaTeX Info: Redefining \[ on input line 2938.
LaTeX Info: Redefining \] on input line 2939.
)
(C:\Users\KayYa\scoop\apps\latex\current\texmfs\install\tex/latex/setspace\sets
pace.sty
Package: setspace 2011/12/19 v6.7a set line spacing
)
(C:\Users\KayYa\scoop\apps\latex\current\texmfs\install\tex/latex/hyperref\hype
rref.sty
Package: hyperref 2021-06-07 v7.00m Hypertext links for LaTeX

(C:\Users\KayYa\scoop\apps\latex\current\texmfs\install\tex/generic/ltxcmds\ltx
cmds.sty
Package: ltxcmds 2020-05-10 v1.25 LaTeX kernel commands for general use (HO)
)
(C:\Users\KayYa\scoop\apps\latex\current\texmfs\install\tex/generic/pdftexcmds\
pdftexcmds.sty
Package: pdftexcmds 2020-06-27 v0.33 Utility functions of pdfTeX for LuaTeX (HO
)

(C:\Users\KayYa\scoop\apps\latex\current\texmfs\install\tex/generic/infwarerr\i
nfwarerr.sty
Package: infwarerr 2019/12/03 v1.5 Providing info/warning/error messages (HO)
)
Package pdftexcmds Info: \pdf@primitive is available.
Package pdftexcmds Info: \pdf@ifprimitive is available.
Package pdftexcmds Info: \pdfdraftmode found.
)
(C:\Users\KayYa\scoop\apps\latex\current\texmfs\install\tex/generic/kvsetkeys\k
vsetkeys.sty
Package: kvsetkeys 2019/12/15 v1.18 Key value parser (HO)
)
(C:\Users\KayYa\scoop\apps\latex\current\texmfs\install\tex/generic/kvdefinekey
s\kvdefinekeys.sty
Package: kvdefinekeys 2019-12-19 v1.6 Define keys (HO)
)
(C:\Users\KayYa\scoop\apps\latex\current\texmfs\install\tex/generic/pdfescape\p
dfescape.sty
Package: pdfescape 2019/12/09 v1.15 Implements pdfTeX's escape features (HO)
)
(C:\Users\KayYa\scoop\apps\latex\current\texmfs\install\tex/latex/hycolor\hycol
or.sty
Package: hycolor 2020-01-27 v1.10 Color options for hyperref/bookmark (HO)
)
(C:\Users\KayYa\scoop\apps\latex\current\texmfs\install\tex/latex/letltxmacro\l
etltxmacro.sty
Package: letltxmacro 2019/12/03 v1.6 Let assignment for LaTeX macros (HO)
)
(C:\Users\KayYa\scoop\apps\latex\current\texmfs\install\tex/latex/auxhook\auxho
ok.sty
Package: auxhook 2019-12-17 v1.6 Hooks for auxiliary files (HO)
)
(C:\Users\KayYa\scoop\apps\latex\current\texmfs\install\tex/latex/kvoptions\kvo
ptions.sty
Package: kvoptions 2020-10-07 v3.14 Key value format for package options (HO)
)
\@linkdim=\dimen158
\Hy@linkcounter=\count275
\Hy@pagecounter=\count276

(C:\Users\KayYa\scoop\apps\latex\current\texmfs\install\tex/latex/hyperref\pd1e
nc.def
File: pd1enc.def 2021-06-07 v7.00m Hyperref: PDFDocEncoding definition (HO)
Now handling font encoding PD1 ...
... no UTF-8 mapping file for font encoding PD1
)
(C:\Users\KayYa\scoop\apps\latex\current\texmfs\install\tex/latex/hyperref\hype
rref-langpatches.def
File: hyperref-langpatches.def 2021-06-07 v7.00m Hyperref: patches for babel la
nguages
)
(C:\Users\KayYa\scoop\apps\latex\current\texmfs\install\tex/generic/intcalc\int
calc.sty
Package: intcalc 2019/12/15 v1.3 Expandable calculations with integers (HO)
)
(C:\Users\KayYa\scoop\apps\latex\current\texmfs\install\tex/generic/etexcmds\et
excmds.sty
Package: etexcmds 2019/12/15 v1.7 Avoid name clashes with e-TeX commands (HO)
)
\Hy@SavedSpaceFactor=\count277

(C:\Users\KayYa\scoop\apps\latex\current\texmfs\install\tex/latex/hyperref\puen
c.def
File: puenc.def 2021-06-07 v7.00m Hyperref: PDF Unicode definition (HO)
Now handling font encoding PU ...
... no UTF-8 mapping file for font encoding PU
)
Package hyperref Info: Hyper figures OFF on input line 4192.
Package hyperref Info: Link nesting OFF on input line 4197.
Package hyperref Info: Hyper index ON on input line 4200.
Package hyperref Info: Plain pages OFF on input line 4207.
Package hyperref Info: Backreferencing OFF on input line 4212.
Package hyperref Info: Implicit mode ON; LaTeX internals redefined.
Package hyperref Info: Bookmarks ON on input line 4445.
\c@Hy@tempcnt=\count278

(C:\Users\KayYa\scoop\apps\latex\current\texmfs\install\tex/latex/url\url.sty
\Urlmuskip=\muskip17
Package: url 2013/09/16  ver 3.4  Verb mode for urls, etc.
)
LaTeX Info: Redefining \url on input line 4804.
\XeTeXLinkMargin=\dimen159

(C:\Users\KayYa\scoop\apps\latex\current\texmfs\install\tex/generic/bitset\bits
et.sty
Package: bitset 2019/12/09 v1.3 Handle bit-vector datatype (HO)

(C:\Users\KayYa\scoop\apps\latex\current\texmfs\install\tex/generic/bigintcalc\
bigintcalc.sty
Package: bigintcalc 2019/12/15 v1.5 Expandable calculations on big integers (HO
)
))
\Fld@menulength=\count279
\Field@Width=\dimen160
\Fld@charsize=\dimen161
Package hyperref Info: Hyper figures OFF on input line 6076.
Package hyperref Info: Link nesting OFF on input line 6081.
Package hyperref Info: Hyper index ON on input line 6084.
Package hyperref Info: backreferencing OFF on input line 6091.
Package hyperref Info: Link coloring OFF on input line 6096.
Package hyperref Info: Link coloring with OCG OFF on input line 6101.
Package hyperref Info: PDF/A mode OFF on input line 6106.
LaTeX Info: Redefining \ref on input line 6146.
LaTeX Info: Redefining \pageref on input line 6150.

(C:\Users\KayYa\scoop\apps\latex\current\texmfs\install\tex/latex/base\atbegshi
-ltx.sty
Package: atbegshi-ltx 2021/01/10 v1.0c Emulation of the original atbegshi
package with kernel methods
)
\Hy@abspage=\count280
\c@Item=\count281
\c@Hfootnote=\count282
)
Package hyperref Info: Driver (autodetected): hpdftex.

(C:\Users\KayYa\scoop\apps\latex\current\texmfs\install\tex/latex/hyperref\hpdf
tex.def
File: hpdftex.def 2021-06-07 v7.00m Hyperref driver for pdfTeX

(C:\Users\KayYa\scoop\apps\latex\current\texmfs\install\tex/latex/base\atveryen
d-ltx.sty
Package: atveryend-ltx 2020/08/19 v1.0a Emulation of the original atveryend pac
kage
with kernel methods
)
\Fld@listcount=\count283
\c@bookmark@seq@number=\count284

(C:\Users\KayYa\scoop\apps\latex\current\texmfs\install\tex/latex/rerunfilechec
k\rerunfilecheck.sty
Package: rerunfilecheck 2019/12/05 v1.9 Rerun checks for auxiliary files (HO)

(C:\Users\KayYa\scoop\apps\latex\current\texmfs\install\tex/generic/uniquecount
er\uniquecounter.sty
Package: uniquecounter 2019/12/15 v1.4 Provide unlimited unique counter (HO)
)
Package uniquecounter Info: New unique counter `rerunfilecheck' on input line 2
86.
)
\Hy@SectionHShift=\skip86
)
(C:\Users\KayYa\scoop\apps\latex\current\texmfs\install\tex/latex/appendix\appe
ndix.sty
Package: appendix 2020/02/08 v1.2c extra appendix facilities
\c@@pps=\count285
\c@@ppsavesec=\count286
\c@@ppsaveapp=\count287
))
(C:\Users\KayYa\scoop\apps\latex\current\texmfs\install\tex/latex/pdfpages\pdfp
ages.sty
Package: pdfpages 2021/03/06 v0.5t Insert pages of external PDF documents (AM)

(C:\Users\KayYa\scoop\apps\latex\current\texmfs\install\tex/latex/base\ifthen.s
ty
Package: ifthen 2020/11/24 v1.1c Standard LaTeX ifthen package (DPC)
)
(C:\Users\KayYa\scoop\apps\latex\current\texmfs\install\tex/latex/tools\calc.st
y
Package: calc 2017/05/25 v4.3 Infix arithmetic (KKT,FJ)
\calc@Acount=\count288
\calc@Bcount=\count289
\calc@Adimen=\dimen162
\calc@Bdimen=\dimen163
\calc@Askip=\skip87
\calc@Bskip=\skip88
LaTeX Info: Redefining \setlength on input line 80.
LaTeX Info: Redefining \addtolength on input line 81.
\calc@Ccount=\count290
\calc@Cskip=\skip89
)
(C:\Users\KayYa\scoop\apps\latex\current\texmfs\install\tex/latex/eso-pic\eso-p
ic.sty
Package: eso-pic 2020/10/14 v3.0a eso-pic (RN)
\ESO@tempdima=\dimen164
\ESO@tempdimb=\dimen165

(C:\Users\KayYa\scoop\apps\latex\current\texmfs\install\tex/latex/xcolor\xcolor
.sty
Package: xcolor 2021/10/31 v2.13 LaTeX color extensions (UK)

(C:\Users\KayYa\scoop\apps\latex\current\texmfs\install\tex/latex/graphics-cfg\
color.cfg
File: color.cfg 2016/01/02 v1.6 sample color configuration
)
Package xcolor Info: Driver file: pdftex.def on input line 227.
Package xcolor Info: Model `cmy' substituted by `cmy0' on input line 1352.
Package xcolor Info: Model `hsb' substituted by `rgb' on input line 1356.
Package xcolor Info: Model `RGB' extended on input line 1368.
Package xcolor Info: Model `HTML' substituted by `rgb' on input line 1370.
Package xcolor Info: Model `Hsb' substituted by `hsb' on input line 1371.
Package xcolor Info: Model `tHsb' substituted by `hsb' on input line 1372.
Package xcolor Info: Model `HSB' substituted by `hsb' on input line 1373.
Package xcolor Info: Model `Gray' substituted by `gray' on input line 1374.
Package xcolor Info: Model `wave' substituted by `hsb' on input line 1375.
))
\AM@pagewidth=\dimen166
\AM@pageheight=\dimen167
\AM@fboxrule=\dimen168

(C:\Users\KayYa\scoop\apps\latex\current\texmfs\install\tex/latex/pdfpages\pppd
ftex.def
File: pppdftex.def 2021/03/06 v0.5t Pdfpages driver for pdfTeX (AM)
)
\pdfpages@includegraphics@status=\count291
\AM@pagebox=\box52
\AM@global@opts=\toks23
\AM@pagecnt=\count292
\AM@toc@title=\toks24
\c@AM@survey=\count293
\AM@templatesizebox=\box53
) (preamble/top_matter.tex
Package hyperref Info: Option `colorlinks' set `true' on input line 3.
Package hyperref Info: Option `colorlinks' set `true' on input line 4.
)
(C:\Users\KayYa\scoop\apps\latex\current\texmfs\install\tex/latex/l3backend\l3b
ackend-pdftex.def
File: l3backend-pdftex.def 2021-10-18 L3 backend support: PDF output (pdfTeX)
\l__color_backend_stack_int=\count294
\l__pdf_internal_box=\box54
)
No file report.aux.
\openout1 = `report.aux'.

LaTeX Font Info:    Checking defaults for OML/cmm/m/it on input line 6.
LaTeX Font Info:    ... okay on input line 6.
LaTeX Font Info:    Checking defaults for OMS/cmsy/m/n on input line 6.
LaTeX Font Info:    ... okay on input line 6.
LaTeX Font Info:    Checking defaults for OT1/cmr/m/n on input line 6.
LaTeX Font Info:    ... okay on input line 6.
LaTeX Font Info:    Checking defaults for T1/cmr/m/n on input line 6.
LaTeX Font Info:    ... okay on input line 6.
LaTeX Font Info:    Checking defaults for TS1/cmr/m/n on input line 6.
LaTeX Font Info:    ... okay on input line 6.
LaTeX Font Info:    Checking defaults for OMX/cmex/m/n on input line 6.
LaTeX Font Info:    ... okay on input line 6.
LaTeX Font Info:    Checking defaults for U/cmr/m/n on input line 6.
LaTeX Font Info:    ... okay on input line 6.
LaTeX Font Info:    Checking defaults for PD1/pdf/m/n on input line 6.
LaTeX Font Info:    ... okay on input line 6.
LaTeX Font Info:    Checking defaults for PU/pdf/m/n on input line 6.
LaTeX Font Info:    ... okay on input line 6.
*geometry* driver: auto-detecting
*geometry* detected driver: pdftex
*geometry* verbose mode - [ preamble ] result:
* driver: pdftex
* paper: a4paper
* layout: <same size as paper>
* layoutoffset:(h,v)=(0.0pt,0.0pt)
* modes: 
* h-part:(L,W,R)=(89.62709pt, 418.25368pt, 89.6271pt)
* v-part:(T,H,B)=(85.35826pt, 674.33032pt, 85.35826pt)
* \paperwidth=597.50787pt
* \paperheight=845.04684pt
* \textwidth=418.25368pt
* \textheight=674.33032pt
* \oddsidemargin=17.3571pt
* \evensidemargin=17.3571pt
* \topmargin=-23.91173pt
* \headheight=12.0pt
* \headsep=25.0pt
* \topskip=12.0pt
* \footskip=30.0pt
* \marginparwidth=35.0pt
* \marginparsep=10.0pt
* \columnsep=10.0pt
* \skip\footins=10.8pt plus 4.0pt minus 2.0pt
* \hoffset=0.0pt
* \voffset=0.0pt
* \mag=1000
* \@twocolumnfalse
* \@twosidefalse
* \@mparswitchfalse
* \@reversemarginfalse
* (1in=72.27pt=25.4mm, 1cm=28.453pt)


(C:\Users\KayYa\scoop\apps\latex\current\texmfs\install\tex/context/base/mkii\s
upp-pdf.mkii
[Loading MPS to PDF converter (version 2006.09.02).]
\scratchcounter=\count295
\scratchdimen=\dimen169
\scratchbox=\box55
\nofMPsegments=\count296
\nofMParguments=\count297
\everyMPshowfont=\toks25
\MPscratchCnt=\count298
\MPscratchDim=\dimen170
\MPnumerator=\count299
\makeMPintoPDFobject=\count300
\everyMPtoPDFconversion=\toks26
)
(C:\Users\KayYa\scoop\apps\latex\current\texmfs\install\tex/latex/epstopdf-pkg\
epstopdf-base.sty
Package: epstopdf-base 2020-01-24 v2.11 Base part for package epstopdf
Package epstopdf-base Info: Redefining graphics rule for `.eps' on input line 4
85.

(C:\Users\KayYa\scoop\apps\latex\current\texmfs\install\tex/latex/00miktex\epst
opdf-sys.cfg
File: epstopdf-sys.cfg 2021/03/18 v2.0 Configuration of epstopdf for MiKTeX
))
Package hyperref Info: Link coloring ON on input line 6.

(C:\Users\KayYa\scoop\apps\latex\current\texmfs\install\tex/latex/hyperref\name
ref.sty
Package: nameref 2021-04-02 v2.47 Cross-referencing by name of section

(C:\Users\KayYa\scoop\apps\latex\current\texmfs\install\tex/latex/refcount\refc
ount.sty
Package: refcount 2019/12/15 v3.6 Data extraction from label references (HO)
)
(C:\Users\KayYa\scoop\apps\latex\current\texmfs\install\tex/generic/gettitlestr
ing\gettitlestring.sty
Package: gettitlestring 2019/12/15 v1.6 Cleanup title references (HO)
)
\c@section@level=\count301
)
LaTeX Info: Redefining \ref on input line 6.
LaTeX Info: Redefining \pageref on input line 6.
LaTeX Info: Redefining \nameref on input line 6.
\@outlinefile=\write3
\openout3 = `report.out'.


(C:\Users\KayYa\scoop\apps\latex\current\texmfs\install\tex/latex/pdflscape\pdf
lscape.sty
Package: pdflscape 2019/12/05 v0.12 Display of landscape pages in PDF (HO)

(C:\Users\KayYa\scoop\apps\latex\current\texmfs\install\tex/latex/graphics\lsca
pe.sty
Package: lscape 2020/05/28 v3.02 Landscape Pages (DPC)
)
Package pdflscape Info: Auto-detected driver: pdftex on input line 81.
) (front_matter/titlepage.tex
<front_matter/LivUniCrest.pdf, id=3, 426.76942pt x 108.93198pt>
File: front_matter/LivUniCrest.pdf Graphic file (type pdf)
<use front_matter/LivUniCrest.pdf>
Package pdftex.def Info: front_matter/LivUniCrest.pdf  used on input line 6.
(pdftex.def)             Requested size: 167.2989pt x 42.7027pt.
 [1

{C:/Users/KayYa/scoop/apps/latex/current/texmfs/data/fonts/map/pdftex/pdftex.ma
p} <./front_matter/LivUniCrest.pdf>])
(front_matter/abstractpage.tex
pdfTeX warning (ext4): destination with the same identifier (name{page.1}) has 
been already used, duplicate ignored
<to be read again> 
                   \relax 
l.7 \end{abstract}
                   [1]) (front_matter/declaration.tex)
(front_matter/contents.tex
pdfTeX warning (ext4): destination with the same identifier (name{page.1}) has 
been already used, duplicate ignored
<to be read again> 
                   \relax 
l.1 \newpage
             [1]
\tf@toc=\write4
\openout4 = `report.toc'.

 [2]
\tf@lof=\write5
\openout5 = `report.lof'.

 [3]
\tf@lot=\write6
\openout6 = `report.lot'.

) (body/introduction.tex [4]
Chapter 1.

LaTeX Warning: Citation `ref:Quadrupedal_locomotion' on page 5 undefined on inp
ut line 5.


LaTeX Warning: Citation `ref:Quadrupedal_locomotion' on page 5 undefined on inp
ut line 5.


LaTeX Warning: Citation `ref:Quadrupedal_locomotion' on page 5 undefined on inp
ut line 7.

) (body/materials_and_methods.tex [5

] [6]
Chapter 2.
[7

] [8]
<figures/geometric_model.jpg, id=90, 1961.3275pt x 1391.1975pt>
File: figures/geometric_model.jpg Graphic file (type jpg)
<use figures/geometric_model.jpg>
Package pdftex.def Info: figures/geometric_model.jpg  used on input line 55.
(pdftex.def)             Requested size: 271.86234pt x 192.83458pt.


LaTeX Warning: Reference `fig:geometric_model' on page 9 undefined on input lin
e 60.

<figures/right_leg_model.jpg, id=91, 917.4275pt x 768.37062pt>
File: figures/right_leg_model.jpg Graphic file (type jpg)
<use figures/right_leg_model.jpg>
Package pdftex.def Info: figures/right_leg_model.jpg  used on input line 64.
(pdftex.def)             Requested size: 292.77629pt x 245.2036pt.

LaTeX Warning: Reference `fig:geometric_model' on page 9 undefined on input lin
e 71.


LaTeX Warning: Reference `table:motors_boundary_positions' on page 9 undefined 
on input line 82.


Overfull \hbox (7.73634pt too wide) in paragraph at lines 82--83
[]\OT1/cmr/m/n/12 The Uni-tree A1's unified-robotics-description-format file al
so spec-i-fies the bound-
 []

[9 <./figures/geometric_model.jpg>] [10 <./figures/right_leg_model.jpg>]
<figures/coordinate_transformations_in_pitching.jpg, id=105, 1276.77pt x 858.20
625pt>
File: figures/coordinate_transformations_in_pitching.jpg Graphic file (type jpg
)
<use figures/coordinate_transformations_in_pitching.jpg>
Package pdftex.def Info: figures/coordinate_transformations_in_pitching.jpg  us
ed on input line 114.
(pdftex.def)             Requested size: 334.60422pt x 224.9093pt.


LaTeX Warning: Reference `eq:pitching_fr_leg' on page 11 undefined on input lin
e 183.

[11 <./figures/coordinate_transformations_in_pitching.jpg>]

LaTeX Warning: Reference `fig:coordinate_transformations_in_yawing' on page 12 
undefined on input line 251.

<figures/coordinate_transformations_in_yawing.jpg, id=118, 982.67125pt x 841.14
25pt>
File: figures/coordinate_transformations_in_yawing.jpg Graphic file (type jpg)
<use figures/coordinate_transformations_in_yawing.jpg>
Package pdftex.def Info: figures/coordinate_transformations_in_yawing.jpg  used
 on input line 255.
(pdftex.def)             Requested size: 334.60422pt x 286.40822pt.
[12]
<figures/coordinate_transformations_in_rolling.jpg, id=129, 791.95876pt x 852.1
8375pt>
File: figures/coordinate_transformations_in_rolling.jpg Graphic file (type jpg)

<use figures/coordinate_transformations_in_rolling.jpg>
Package pdftex.def Info: figures/coordinate_transformations_in_rolling.jpg  use
d on input line 360.
(pdftex.def)             Requested size: 250.95476pt x 270.0387pt.
 [13 <./figures/coordinate_transformations_in_yawing.jpg>] [14 <./figures/coord
inate_transformations_in_rolling.jpg>]
<figures/right_leg_model_left-side_view.jpg, id=146, 695.59875pt x 703.62875pt>

File: figures/right_leg_model_left-side_view.jpg Graphic file (type jpg)
<use figures/right_leg_model_left-side_view.jpg>
Package pdftex.def Info: figures/right_leg_model_left-side_view.jpg  used on in
put line 427.
(pdftex.def)             Requested size: 242.58789pt x 245.38261pt.


LaTeX Warning: Reference `fig:right_leg_model_left-side_view' on page 15 undefi
ned on input line 432.

[15 <./figures/right_leg_model_left-side_view.jpg>]

LaTeX Warning: Reference `fig:right_leg_model_front_view' on page 16 undefined 
on input line 448.

<figures/right_leg_model_front_view.jpg, id=153, 528.47438pt x 592.71437pt>
File: figures/right_leg_model_front_view.jpg Graphic file (type jpg)
<use figures/right_leg_model_front_view.jpg>
Package pdftex.def Info: figures/right_leg_model_front_view.jpg  used on input 
line 452.
(pdftex.def)             Requested size: 230.04079pt x 258.0005pt.
[16 <./figures/right_leg_model_front_view.jpg>] [17])
(body/results_and_analysis.tex [18]
Chapter 3.

LaTeX Warning: Reference `fig: squatting' on page 19 undefined on input line 8.


<figures/squatting.png, id=182, 312.9291pt x 92.5056pt>
File: figures/squatting.png Graphic file (type png)
<use figures/squatting.png>
Package pdftex.def Info: figures/squatting.png  used on input line 12.
(pdftex.def)             Requested size: 334.60422pt x 98.91931pt.
[19

 <./figures/squatting.png (PNG copy)>]

LaTeX Warning: Citation `ref:6DOF' on page 20 undefined on input line 25.


LaTeX Warning: Reference `fig: pitching' on page 20 undefined on input line 25.


<figures/pitching.png, id=190, 341.3553pt x 106.7187pt>
File: figures/pitching.png Graphic file (type png)
<use figures/pitching.png>
Package pdftex.def Info: figures/pitching.png  used on input line 29.
(pdftex.def)             Requested size: 334.60422pt x 104.61128pt.

LaTeX Warning: Citation `ref:6DOF' on page 20 undefined on input line 41.


LaTeX Warning: Reference `fig: yawing' on page 20 undefined on input line 41.

[20 <./figures/pitching.png (PNG copy)>]
<figures/yawing.png, id=197, 256.0767pt x 99.4917pt>
File: figures/yawing.png Graphic file (type png)
<use figures/yawing.png>
Package pdftex.def Info: figures/yawing.png  used on input line 45.
(pdftex.def)             Requested size: 334.60422pt x 130.00714pt.


LaTeX Warning: Citation `ref:6DOF' on page 21 undefined on input line 58.


LaTeX Warning: Reference `fig: rolling' on page 21 undefined on input line 58.

<figures/rolling.png, id=199, 220.4235pt x 79.7379pt>
File: figures/rolling.png Graphic file (type png)
<use figures/rolling.png>
Package pdftex.def Info: figures/rolling.png  used on input line 62.
(pdftex.def)             Requested size: 334.60422pt x 121.05077pt.
[21 <./figures/yawing.png>]) (body/discussion_and_conclusions.tex [22 <./figure
s/rolling.png (PNG copy)>]
Chapter 4.

LaTeX Warning: Citation `ref:GUI' on page 23 undefined on input line 6.


LaTeX Warning: Citation `ref:RNIcontrol' on page 23 undefined on input line 10.


[23

] [24]) (body/references.tex
No file report.bbl.
) (back_matter/appendices.tex [25] [26

]
Appendix A.


pdfTeX warning: pdflatex (file ../proj_mgmt_forms/attendance_record.pdf): PDF i
nclusion: found PDF version <1.7>, but at most version <1.5> allowed
<../proj_mgmt_forms/attendance_record.pdf, id=241, 845.07724pt x 597.55246pt>
File: ../proj_mgmt_forms/attendance_record.pdf Graphic file (type pdf)
<use ../proj_mgmt_forms/attendance_record.pdf>
Package pdftex.def Info: ../proj_mgmt_forms/attendance_record.pdf  used on inpu
t line 7.
(pdftex.def)             Requested size: 845.07518pt x 597.551pt.


pdfTeX warning: pdflatex (file ../proj_mgmt_forms/attendance_record.pdf): PDF i
nclusion: found PDF version <1.7>, but at most version <1.5> allowed
File: ../proj_mgmt_forms/attendance_record.pdf Graphic file (type pdf)
<use ../proj_mgmt_forms/attendance_record.pdf>
Package pdftex.def Info: ../proj_mgmt_forms/attendance_record.pdf  used on inpu
t line 7.
(pdftex.def)             Requested size: 845.07518pt x 597.551pt.


pdfTeX warning: pdflatex (file ../proj_mgmt_forms/attendance_record.pdf): PDF i
nclusion: found PDF version <1.7>, but at most version <1.5> allowed


pdfTeX warning: pdflatex (file ../proj_mgmt_forms/attendance_record.pdf): PDF i
nclusion: found PDF version <1.7>, but at most version <1.5> allowed
<../proj_mgmt_forms/attendance_record.pdf, id=244, page=1, 845.07724pt x 597.55
246pt>
File: ../proj_mgmt_forms/attendance_record.pdf Graphic file (type pdf)
<use ../proj_mgmt_forms/attendance_record.pdf, page 1>
Package pdftex.def Info: ../proj_mgmt_forms/attendance_record.pdf , page1 used 
on input line 7.
(pdftex.def)             Requested size: 845.07518pt x 597.551pt.
File: ../proj_mgmt_forms/attendance_record.pdf Graphic file (type pdf)
<use ../proj_mgmt_forms/attendance_record.pdf, page 1>
Package pdftex.def Info: ../proj_mgmt_forms/attendance_record.pdf , page1 used 
on input line 7.
(pdftex.def)             Requested size: 597.55902pt x 422.5328pt.
[27

]
File: ../proj_mgmt_forms/attendance_record.pdf Graphic file (type pdf)
<use ../proj_mgmt_forms/attendance_record.pdf, page 1>
Package pdftex.def Info: ../proj_mgmt_forms/attendance_record.pdf , page1 used 
on input line 7.
(pdftex.def)             Requested size: 597.55902pt x 422.5328pt.
File: ../proj_mgmt_forms/attendance_record.pdf Graphic file (type pdf)
<use ../proj_mgmt_forms/attendance_record.pdf, page 1>
Package pdftex.def Info: ../proj_mgmt_forms/attendance_record.pdf , page1 used 
on input line 7.
(pdftex.def)             Requested size: 597.55902pt x 422.5328pt.
File: ../proj_mgmt_forms/attendance_record.pdf Graphic file (type pdf)
<use ../proj_mgmt_forms/attendance_record.pdf, page 1>
Package pdftex.def Info: ../proj_mgmt_forms/attendance_record.pdf , page1 used 
on input line 7.
(pdftex.def)             Requested size: 597.55902pt x 422.5328pt.
 [28 <../proj_mgmt_forms/attendance_record.pdf>]

pdfTeX warning: pdflatex (file ../proj_mgmt_forms/role_allocation.pdf): PDF inc
lusion: found PDF version <1.7>, but at most version <1.5> allowed
<../proj_mgmt_forms/role_allocation.pdf, id=296, 597.55246pt x 845.07724pt>
File: ../proj_mgmt_forms/role_allocation.pdf Graphic file (type pdf)
<use ../proj_mgmt_forms/role_allocation.pdf>
Package pdftex.def Info: ../proj_mgmt_forms/role_allocation.pdf  used on input 
line 8.
(pdftex.def)             Requested size: 597.551pt x 845.07518pt.


pdfTeX warning: pdflatex (file ../proj_mgmt_forms/role_allocation.pdf): PDF inc
lusion: found PDF version <1.7>, but at most version <1.5> allowed
File: ../proj_mgmt_forms/role_allocation.pdf Graphic file (type pdf)
<use ../proj_mgmt_forms/role_allocation.pdf>
Package pdftex.def Info: ../proj_mgmt_forms/role_allocation.pdf  used on input 
line 8.
(pdftex.def)             Requested size: 597.551pt x 845.07518pt.


pdfTeX warning: pdflatex (file ../proj_mgmt_forms/role_allocation.pdf): PDF inc
lusion: found PDF version <1.7>, but at most version <1.5> allowed


pdfTeX warning: pdflatex (file ../proj_mgmt_forms/role_allocation.pdf): PDF inc
lusion: found PDF version <1.7>, but at most version <1.5> allowed
<../proj_mgmt_forms/role_allocation.pdf, id=299, page=1, 597.55246pt x 845.0772
4pt>
File: ../proj_mgmt_forms/role_allocation.pdf Graphic file (type pdf)
<use ../proj_mgmt_forms/role_allocation.pdf, page 1>
Package pdftex.def Info: ../proj_mgmt_forms/role_allocation.pdf , page1 used on
 input line 8.
(pdftex.def)             Requested size: 597.551pt x 845.07518pt.
File: ../proj_mgmt_forms/role_allocation.pdf Graphic file (type pdf)
<use ../proj_mgmt_forms/role_allocation.pdf, page 1>
Package pdftex.def Info: ../proj_mgmt_forms/role_allocation.pdf , page1 used on
 input line 8.
(pdftex.def)             Requested size: 597.57834pt x 845.11386pt.
File: ../proj_mgmt_forms/role_allocation.pdf Graphic file (type pdf)
<use ../proj_mgmt_forms/role_allocation.pdf, page 1>
Package pdftex.def Info: ../proj_mgmt_forms/role_allocation.pdf , page1 used on
 input line 8.
(pdftex.def)             Requested size: 597.57834pt x 845.11386pt.
File: ../proj_mgmt_forms/role_allocation.pdf Graphic file (type pdf)
<use ../proj_mgmt_forms/role_allocation.pdf, page 1>
Package pdftex.def Info: ../proj_mgmt_forms/role_allocation.pdf , page1 used on
 input line 8.
(pdftex.def)             Requested size: 597.57834pt x 845.11386pt.
File: ../proj_mgmt_forms/role_allocation.pdf Graphic file (type pdf)
<use ../proj_mgmt_forms/role_allocation.pdf, page 1>
Package pdftex.def Info: ../proj_mgmt_forms/role_allocation.pdf , page1 used on
 input line 8.
(pdftex.def)             Requested size: 597.57834pt x 845.11386pt.
[29 <../proj_mgmt_forms/role_allocation.pdf>]

pdfTeX warning: pdflatex (file ../proj_mgmt_forms/role_allocation.pdf): PDF inc
lusion: found PDF version <1.7>, but at most version <1.5> allowed
<../proj_mgmt_forms/role_allocation.pdf, id=346, page=2, 597.55246pt x 845.0772
4pt>
File: ../proj_mgmt_forms/role_allocation.pdf Graphic file (type pdf)
<use ../proj_mgmt_forms/role_allocation.pdf, page 2>
Package pdftex.def Info: ../proj_mgmt_forms/role_allocation.pdf , page2 used on
 input line 8.
(pdftex.def)             Requested size: 597.57834pt x 845.11386pt.
File: ../proj_mgmt_forms/role_allocation.pdf Graphic file (type pdf)
<use ../proj_mgmt_forms/role_allocation.pdf, page 2>
Package pdftex.def Info: ../proj_mgmt_forms/role_allocation.pdf , page2 used on
 input line 8.
(pdftex.def)             Requested size: 597.57834pt x 845.11386pt.
File: ../proj_mgmt_forms/role_allocation.pdf Graphic file (type pdf)
<use ../proj_mgmt_forms/role_allocation.pdf, page 2>
Package pdftex.def Info: ../proj_mgmt_forms/role_allocation.pdf , page2 used on
 input line 8.
(pdftex.def)             Requested size: 597.57834pt x 845.11386pt.
[30 <../proj_mgmt_forms/role_allocation.pdf>]

pdfTeX warning: pdflatex (file ../proj_mgmt_forms/contribution_to_project_deliv
erables.pdf): PDF inclusion: found PDF version <1.7>, but at most version <1.5>
 allowed
<../proj_mgmt_forms/contribution_to_project_deliverables.pdf, id=421, 845.07724
pt x 597.55246pt>
File: ../proj_mgmt_forms/contribution_to_project_deliverables.pdf Graphic file 
(type pdf)
<use ../proj_mgmt_forms/contribution_to_project_deliverables.pdf>
Package pdftex.def Info: ../proj_mgmt_forms/contribution_to_project_deliverable
s.pdf  used on input line 9.
(pdftex.def)             Requested size: 845.07518pt x 597.551pt.


pdfTeX warning: pdflatex (file ../proj_mgmt_forms/contribution_to_project_deliv
erables.pdf): PDF inclusion: found PDF version <1.7>, but at most version <1.5>
 allowed
File: ../proj_mgmt_forms/contribution_to_project_deliverables.pdf Graphic file 
(type pdf)
<use ../proj_mgmt_forms/contribution_to_project_deliverables.pdf>
Package pdftex.def Info: ../proj_mgmt_forms/contribution_to_project_deliverable
s.pdf  used on input line 9.
(pdftex.def)             Requested size: 845.07518pt x 597.551pt.


pdfTeX warning: pdflatex (file ../proj_mgmt_forms/contribution_to_project_deliv
erables.pdf): PDF inclusion: found PDF version <1.7>, but at most version <1.5>
 allowed


pdfTeX warning: pdflatex (file ../proj_mgmt_forms/contribution_to_project_deliv
erables.pdf): PDF inclusion: found PDF version <1.7>, but at most version <1.5>
 allowed
<../proj_mgmt_forms/contribution_to_project_deliverables.pdf, id=424, page=1, 8
45.07724pt x 597.55246pt>
File: ../proj_mgmt_forms/contribution_to_project_deliverables.pdf Graphic file 
(type pdf)
<use ../proj_mgmt_forms/contribution_to_project_deliverables.pdf, page 1>
Package pdftex.def Info: ../proj_mgmt_forms/contribution_to_project_deliverable
s.pdf , page1 used on input line 9.
(pdftex.def)             Requested size: 845.07518pt x 597.551pt.
File: ../proj_mgmt_forms/contribution_to_project_deliverables.pdf Graphic file 
(type pdf)
<use ../proj_mgmt_forms/contribution_to_project_deliverables.pdf, page 1>
Package pdftex.def Info: ../proj_mgmt_forms/contribution_to_project_deliverable
s.pdf , page1 used on input line 9.
(pdftex.def)             Requested size: 597.55902pt x 422.5328pt.
File: ../proj_mgmt_forms/contribution_to_project_deliverables.pdf Graphic file 
(type pdf)
<use ../proj_mgmt_forms/contribution_to_project_deliverables.pdf, page 1>
Package pdftex.def Info: ../proj_mgmt_forms/contribution_to_project_deliverable
s.pdf , page1 used on input line 9.
(pdftex.def)             Requested size: 597.55902pt x 422.5328pt.
File: ../proj_mgmt_forms/contribution_to_project_deliverables.pdf Graphic file 
(type pdf)
<use ../proj_mgmt_forms/contribution_to_project_deliverables.pdf, page 1>
Package pdftex.def Info: ../proj_mgmt_forms/contribution_to_project_deliverable
s.pdf , page1 used on input line 9.
(pdftex.def)             Requested size: 597.55902pt x 422.5328pt.
File: ../proj_mgmt_forms/contribution_to_project_deliverables.pdf Graphic file 
(type pdf)
<use ../proj_mgmt_forms/contribution_to_project_deliverables.pdf, page 1>
Package pdftex.def Info: ../proj_mgmt_forms/contribution_to_project_deliverable
s.pdf , page1 used on input line 9.
(pdftex.def)             Requested size: 597.55902pt x 422.5328pt.
[31 <../proj_mgmt_forms/contribution_to_project_deliverables.pdf>]

pdfTeX warning: pdflatex (file ../proj_mgmt_forms/advisor_meeting_log_weeks_1_2
.pdf): PDF inclusion: found PDF version <1.6>, but at most version <1.5> allowe
d
<../proj_mgmt_forms/advisor_meeting_log_weeks_1_2.pdf, id=470, 597.432pt x 845.
07718pt>
File: ../proj_mgmt_forms/advisor_meeting_log_weeks_1_2.pdf Graphic file (type p
df)
<use ../proj_mgmt_forms/advisor_meeting_log_weeks_1_2.pdf>
Package pdftex.def Info: ../proj_mgmt_forms/advisor_meeting_log_weeks_1_2.pdf  
used on input line 10.
(pdftex.def)             Requested size: 597.43054pt x 845.07512pt.


pdfTeX warning: pdflatex (file ../proj_mgmt_forms/advisor_meeting_log_weeks_1_2
.pdf): PDF inclusion: found PDF version <1.6>, but at most version <1.5> allowe
d
File: ../proj_mgmt_forms/advisor_meeting_log_weeks_1_2.pdf Graphic file (type p
df)
<use ../proj_mgmt_forms/advisor_meeting_log_weeks_1_2.pdf>
Package pdftex.def Info: ../proj_mgmt_forms/advisor_meeting_log_weeks_1_2.pdf  
used on input line 10.
(pdftex.def)             Requested size: 597.43054pt x 845.07512pt.


pdfTeX warning: pdflatex (file ../proj_mgmt_forms/advisor_meeting_log_weeks_1_2
.pdf): PDF inclusion: found PDF version <1.6>, but at most version <1.5> allowe
d


pdfTeX warning: pdflatex (file ../proj_mgmt_forms/advisor_meeting_log_weeks_1_2
.pdf): PDF inclusion: found PDF version <1.6>, but at most version <1.5> allowe
d
<../proj_mgmt_forms/advisor_meeting_log_weeks_1_2.pdf, id=473, page=2, 597.432p
t x 845.07718pt>
File: ../proj_mgmt_forms/advisor_meeting_log_weeks_1_2.pdf Graphic file (type p
df)
<use ../proj_mgmt_forms/advisor_meeting_log_weeks_1_2.pdf, page 2>
Package pdftex.def Info: ../proj_mgmt_forms/advisor_meeting_log_weeks_1_2.pdf ,
 page2 used on input line 10.
(pdftex.def)             Requested size: 597.43054pt x 845.07512pt.
File: ../proj_mgmt_forms/advisor_meeting_log_weeks_1_2.pdf Graphic file (type p
df)
<use ../proj_mgmt_forms/advisor_meeting_log_weeks_1_2.pdf, page 2>
Package pdftex.def Info: ../proj_mgmt_forms/advisor_meeting_log_weeks_1_2.pdf ,
 page2 used on input line 10.
(pdftex.def)             Requested size: 597.45789pt x 845.1138pt.
File: ../proj_mgmt_forms/advisor_meeting_log_weeks_1_2.pdf Graphic file (type p
df)
<use ../proj_mgmt_forms/advisor_meeting_log_weeks_1_2.pdf, page 2>
Package pdftex.def Info: ../proj_mgmt_forms/advisor_meeting_log_weeks_1_2.pdf ,
 page2 used on input line 10.
(pdftex.def)             Requested size: 597.45789pt x 845.1138pt.
File: ../proj_mgmt_forms/advisor_meeting_log_weeks_1_2.pdf Graphic file (type p
df)
<use ../proj_mgmt_forms/advisor_meeting_log_weeks_1_2.pdf, page 2>
Package pdftex.def Info: ../proj_mgmt_forms/advisor_meeting_log_weeks_1_2.pdf ,
 page2 used on input line 10.
(pdftex.def)             Requested size: 597.45789pt x 845.1138pt.
File: ../proj_mgmt_forms/advisor_meeting_log_weeks_1_2.pdf Graphic file (type p
df)
<use ../proj_mgmt_forms/advisor_meeting_log_weeks_1_2.pdf, page 2>
Package pdftex.def Info: ../proj_mgmt_forms/advisor_meeting_log_weeks_1_2.pdf ,
 page2 used on input line 10.
(pdftex.def)             Requested size: 597.45789pt x 845.1138pt.
[32 <../proj_mgmt_forms/advisor_meeting_log_weeks_1_2.pdf>]
File: ../proj_mgmt_forms/advisor_meeting_log_weeks_1_2.pdf Graphic file (type p
df)
<use ../proj_mgmt_forms/advisor_meeting_log_weeks_1_2.pdf>
Package pdftex.def Info: ../proj_mgmt_forms/advisor_meeting_log_weeks_1_2.pdf  
used on input line 11.
(pdftex.def)             Requested size: 597.43054pt x 845.07512pt.


pdfTeX warning: pdflatex (file ../proj_mgmt_forms/advisor_meeting_log_weeks_1_2
.pdf): PDF inclusion: found PDF version <1.6>, but at most version <1.5> allowe
d
File: ../proj_mgmt_forms/advisor_meeting_log_weeks_1_2.pdf Graphic file (type p
df)
<use ../proj_mgmt_forms/advisor_meeting_log_weeks_1_2.pdf>
Package pdftex.def Info: ../proj_mgmt_forms/advisor_meeting_log_weeks_1_2.pdf  
used on input line 11.
(pdftex.def)             Requested size: 597.43054pt x 845.07512pt.


pdfTeX warning: pdflatex (file ../proj_mgmt_forms/advisor_meeting_log_weeks_1_2
.pdf): PDF inclusion: found PDF version <1.6>, but at most version <1.5> allowe
d


pdfTeX warning: pdflatex (file ../proj_mgmt_forms/advisor_meeting_log_weeks_1_2
.pdf): PDF inclusion: found PDF version <1.6>, but at most version <1.5> allowe
d
<../proj_mgmt_forms/advisor_meeting_log_weeks_1_2.pdf, id=497, page=1, 597.432p
t x 845.07718pt>
File: ../proj_mgmt_forms/advisor_meeting_log_weeks_1_2.pdf Graphic file (type p
df)
<use ../proj_mgmt_forms/advisor_meeting_log_weeks_1_2.pdf, page 1>
Package pdftex.def Info: ../proj_mgmt_forms/advisor_meeting_log_weeks_1_2.pdf ,
 page1 used on input line 11.
(pdftex.def)             Requested size: 597.43054pt x 845.07512pt.
File: ../proj_mgmt_forms/advisor_meeting_log_weeks_1_2.pdf Graphic file (type p
df)
<use ../proj_mgmt_forms/advisor_meeting_log_weeks_1_2.pdf, page 1>
Package pdftex.def Info: ../proj_mgmt_forms/advisor_meeting_log_weeks_1_2.pdf ,
 page1 used on input line 11.
(pdftex.def)             Requested size: 597.45789pt x 845.1138pt.
File: ../proj_mgmt_forms/advisor_meeting_log_weeks_1_2.pdf Graphic file (type p
df)
<use ../proj_mgmt_forms/advisor_meeting_log_weeks_1_2.pdf, page 1>
Package pdftex.def Info: ../proj_mgmt_forms/advisor_meeting_log_weeks_1_2.pdf ,
 page1 used on input line 11.
(pdftex.def)             Requested size: 597.45789pt x 845.1138pt.
File: ../proj_mgmt_forms/advisor_meeting_log_weeks_1_2.pdf Graphic file (type p
df)
<use ../proj_mgmt_forms/advisor_meeting_log_weeks_1_2.pdf, page 1>
Package pdftex.def Info: ../proj_mgmt_forms/advisor_meeting_log_weeks_1_2.pdf ,
 page1 used on input line 11.
(pdftex.def)             Requested size: 597.45789pt x 845.1138pt.
File: ../proj_mgmt_forms/advisor_meeting_log_weeks_1_2.pdf Graphic file (type p
df)
<use ../proj_mgmt_forms/advisor_meeting_log_weeks_1_2.pdf, page 1>
Package pdftex.def Info: ../proj_mgmt_forms/advisor_meeting_log_weeks_1_2.pdf ,
 page1 used on input line 11.
(pdftex.def)             Requested size: 597.45789pt x 845.1138pt.
[33 <../proj_mgmt_forms/advisor_meeting_log_weeks_1_2.pdf>]

pdfTeX warning: pdflatex (file ../proj_mgmt_forms/advisor_meeting_log_week_3.pd
f): PDF inclusion: found PDF version <1.7>, but at most version <1.5> allowed
<../proj_mgmt_forms/advisor_meeting_log_week_3.pdf, id=526, 597.55246pt x 845.0
7724pt>
File: ../proj_mgmt_forms/advisor_meeting_log_week_3.pdf Graphic file (type pdf)

<use ../proj_mgmt_forms/advisor_meeting_log_week_3.pdf>
Package pdftex.def Info: ../proj_mgmt_forms/advisor_meeting_log_week_3.pdf  use
d on input line 12.
(pdftex.def)             Requested size: 597.551pt x 845.07518pt.


pdfTeX warning: pdflatex (file ../proj_mgmt_forms/advisor_meeting_log_week_3.pd
f): PDF inclusion: found PDF version <1.7>, but at most version <1.5> allowed
File: ../proj_mgmt_forms/advisor_meeting_log_week_3.pdf Graphic file (type pdf)

<use ../proj_mgmt_forms/advisor_meeting_log_week_3.pdf>
Package pdftex.def Info: ../proj_mgmt_forms/advisor_meeting_log_week_3.pdf  use
d on input line 12.
(pdftex.def)             Requested size: 597.551pt x 845.07518pt.


pdfTeX warning: pdflatex (file ../proj_mgmt_forms/advisor_meeting_log_week_3.pd
f): PDF inclusion: found PDF version <1.7>, but at most version <1.5> allowed


pdfTeX warning: pdflatex (file ../proj_mgmt_forms/advisor_meeting_log_week_3.pd
f): PDF inclusion: found PDF version <1.7>, but at most version <1.5> allowed
<../proj_mgmt_forms/advisor_meeting_log_week_3.pdf, id=529, page=1, 597.55246pt
 x 845.07724pt>
File: ../proj_mgmt_forms/advisor_meeting_log_week_3.pdf Graphic file (type pdf)

<use ../proj_mgmt_forms/advisor_meeting_log_week_3.pdf, page 1>
Package pdftex.def Info: ../proj_mgmt_forms/advisor_meeting_log_week_3.pdf , pa
ge1 used on input line 12.
(pdftex.def)             Requested size: 597.551pt x 845.07518pt.
File: ../proj_mgmt_forms/advisor_meeting_log_week_3.pdf Graphic file (type pdf)

<use ../proj_mgmt_forms/advisor_meeting_log_week_3.pdf, page 1>
Package pdftex.def Info: ../proj_mgmt_forms/advisor_meeting_log_week_3.pdf , pa
ge1 used on input line 12.
(pdftex.def)             Requested size: 597.57834pt x 845.11386pt.
File: ../proj_mgmt_forms/advisor_meeting_log_week_3.pdf Graphic file (type pdf)

<use ../proj_mgmt_forms/advisor_meeting_log_week_3.pdf, page 1>
Package pdftex.def Info: ../proj_mgmt_forms/advisor_meeting_log_week_3.pdf , pa
ge1 used on input line 12.
(pdftex.def)             Requested size: 597.57834pt x 845.11386pt.
File: ../proj_mgmt_forms/advisor_meeting_log_week_3.pdf Graphic file (type pdf)

<use ../proj_mgmt_forms/advisor_meeting_log_week_3.pdf, page 1>
Package pdftex.def Info: ../proj_mgmt_forms/advisor_meeting_log_week_3.pdf , pa
ge1 used on input line 12.
(pdftex.def)             Requested size: 597.57834pt x 845.11386pt.
File: ../proj_mgmt_forms/advisor_meeting_log_week_3.pdf Graphic file (type pdf)

<use ../proj_mgmt_forms/advisor_meeting_log_week_3.pdf, page 1>
Package pdftex.def Info: ../proj_mgmt_forms/advisor_meeting_log_week_3.pdf , pa
ge1 used on input line 12.
(pdftex.def)             Requested size: 597.57834pt x 845.11386pt.
[34 <../proj_mgmt_forms/advisor_meeting_log_week_3.pdf>]

pdfTeX warning: pdflatex (file ../proj_mgmt_forms/advisor_meeting_log_week_4.pd
f): PDF inclusion: found PDF version <1.7>, but at most version <1.5> allowed
<../proj_mgmt_forms/advisor_meeting_log_week_4.pdf, id=584, 597.55246pt x 845.0
7724pt>
File: ../proj_mgmt_forms/advisor_meeting_log_week_4.pdf Graphic file (type pdf)

<use ../proj_mgmt_forms/advisor_meeting_log_week_4.pdf>
Package pdftex.def Info: ../proj_mgmt_forms/advisor_meeting_log_week_4.pdf  use
d on input line 13.
(pdftex.def)             Requested size: 597.551pt x 845.07518pt.


pdfTeX warning: pdflatex (file ../proj_mgmt_forms/advisor_meeting_log_week_4.pd
f): PDF inclusion: found PDF version <1.7>, but at most version <1.5> allowed
File: ../proj_mgmt_forms/advisor_meeting_log_week_4.pdf Graphic file (type pdf)

<use ../proj_mgmt_forms/advisor_meeting_log_week_4.pdf>
Package pdftex.def Info: ../proj_mgmt_forms/advisor_meeting_log_week_4.pdf  use
d on input line 13.
(pdftex.def)             Requested size: 597.551pt x 845.07518pt.


pdfTeX warning: pdflatex (file ../proj_mgmt_forms/advisor_meeting_log_week_4.pd
f): PDF inclusion: found PDF version <1.7>, but at most version <1.5> allowed


pdfTeX warning: pdflatex (file ../proj_mgmt_forms/advisor_meeting_log_week_4.pd
f): PDF inclusion: found PDF version <1.7>, but at most version <1.5> allowed
<../proj_mgmt_forms/advisor_meeting_log_week_4.pdf, id=587, page=1, 597.55246pt
 x 845.07724pt>
File: ../proj_mgmt_forms/advisor_meeting_log_week_4.pdf Graphic file (type pdf)

<use ../proj_mgmt_forms/advisor_meeting_log_week_4.pdf, page 1>
Package pdftex.def Info: ../proj_mgmt_forms/advisor_meeting_log_week_4.pdf , pa
ge1 used on input line 13.
(pdftex.def)             Requested size: 597.551pt x 845.07518pt.
File: ../proj_mgmt_forms/advisor_meeting_log_week_4.pdf Graphic file (type pdf)

<use ../proj_mgmt_forms/advisor_meeting_log_week_4.pdf, page 1>
Package pdftex.def Info: ../proj_mgmt_forms/advisor_meeting_log_week_4.pdf , pa
ge1 used on input line 13.
(pdftex.def)             Requested size: 597.57834pt x 845.11386pt.
File: ../proj_mgmt_forms/advisor_meeting_log_week_4.pdf Graphic file (type pdf)

<use ../proj_mgmt_forms/advisor_meeting_log_week_4.pdf, page 1>
Package pdftex.def Info: ../proj_mgmt_forms/advisor_meeting_log_week_4.pdf , pa
ge1 used on input line 13.
(pdftex.def)             Requested size: 597.57834pt x 845.11386pt.
File: ../proj_mgmt_forms/advisor_meeting_log_week_4.pdf Graphic file (type pdf)

<use ../proj_mgmt_forms/advisor_meeting_log_week_4.pdf, page 1>
Package pdftex.def Info: ../proj_mgmt_forms/advisor_meeting_log_week_4.pdf , pa
ge1 used on input line 13.
(pdftex.def)             Requested size: 597.57834pt x 845.11386pt.
File: ../proj_mgmt_forms/advisor_meeting_log_week_4.pdf Graphic file (type pdf)

<use ../proj_mgmt_forms/advisor_meeting_log_week_4.pdf, page 1>
Package pdftex.def Info: ../proj_mgmt_forms/advisor_meeting_log_week_4.pdf , pa
ge1 used on input line 13.
(pdftex.def)             Requested size: 597.57834pt x 845.11386pt.
[35 <../proj_mgmt_forms/advisor_meeting_log_week_4.pdf>]
Appendix B.
) [36

] (report.aux)

LaTeX Warning: There were undefined references.


LaTeX Warning: Label(s) may have changed. Rerun to get cross-references right.


Package rerunfilecheck Warning: File `report.out' has changed.
(rerunfilecheck)                Rerun to get outlines right
(rerunfilecheck)                or use package `bookmark'.

Package rerunfilecheck Info: Checksums for `report.out':
(rerunfilecheck)             Before: <no file>
(rerunfilecheck)             After:  8FEE3111C524DCA9DBFBD81873A2670F;4885.
 ) 
Here is how much of TeX's memory you used:
 11434 strings out of 478659
 188226 string characters out of 2841163
 506067 words of memory out of 3000000
 29216 multiletter control sequences out of 15000+600000
 410559 words of font info for 51 fonts, out of 8000000 for 9000
 1141 hyphenation exceptions out of 8191
 65i,17n,78p,1409b,463s stack positions out of 5000i,500n,10000p,200000b,80000s
 <C:\Users\KayYa\scoop\apps\latex\current\texmfs/data\fonts/pk/ljfour/jknappe
n/ec/dpi600\tcrm1200.pk><C:/Users/KayYa/scoop/apps/latex/current/texmfs/install
/fonts/type1/public/amsfonts/cm/cmbx12.pfb><C:/Users/KayYa/scoop/apps/latex/cur
rent/texmfs/install/fonts/type1/public/amsfonts/cm/cmbx8.pfb><C:/Users/KayYa/sc
oop/apps/latex/current/texmfs/install/fonts/type1/public/amsfonts/cm/cmcsc10.pf
b><C:/Users/KayYa/scoop/apps/latex/current/texmfs/install/fonts/type1/public/am
sfonts/cm/cmex10.pfb><C:/Users/KayYa/scoop/apps/latex/current/texmfs/install/fo
nts/type1/public/amsfonts/cm/cmmi12.pfb><C:/Users/KayYa/scoop/apps/latex/curren
t/texmfs/install/fonts/type1/public/amsfonts/cm/cmr12.pfb><C:/Users/KayYa/scoop
/apps/latex/current/texmfs/install/fonts/type1/public/amsfonts/cm/cmr8.pfb><C:/
Users/KayYa/scoop/apps/latex/current/texmfs/install/fonts/type1/public/amsfonts
/cm/cmsy10.pfb><C:/Users/KayYa/scoop/apps/latex/current/texmfs/install/fonts/ty
pe1/public/amsfonts/cm/cmti12.pfb>
Output written on report.pdf (38 pages, 4789274 bytes).
PDF statistics:
 725 PDF objects out of 1000 (max. 8388607)
 112 named destinations out of 1000 (max. 500000)
 201 words of extra memory for PDF output out of 10000 (max. 10000000)

